SF:lib/presentation/core/my_app_widget.dart
DA:10,1
DA:12,1
DA:15,2
DA:16,2
LF:4
LH:4
end_of_record
SF:lib/presentation/router/router.gr.dart
DA:16,2
DA:20,1
DA:21,1
DA:26,0
DA:27,0
DA:32,0
DA:33,0
DA:38,0
DA:39,0
DA:44,0
DA:45,0
DA:52,1
DA:53,1
DA:54,1
DA:58,1
DA:62,1
DA:66,1
DA:70,1
DA:80,0
DA:81,0
DA:92,2
DA:93,0
DA:104,0
DA:105,0
DA:116,1
DA:117,0
DA:128,1
DA:129,0
LF:28
LH:13
end_of_record
SF:lib/application/search/search_bloc.dart
DA:11,0
DA:12,0
DA:13,0
DA:15,0
DA:16,0
LF:5
LH:0
end_of_record
SF:lib/presentation/core/widgets/bottom_navbar/bottom_navbar.dart
DA:15,4
DA:17,0
DA:21,0
DA:23,0
DA:24,0
DA:25,0
DA:33,0
DA:38,0
DA:39,0
DA:42,0
DA:43,0
DA:46,0
DA:47,0
LF:13
LH:1
end_of_record
SF:lib/utils/extensions.dart
DA:7,0
DA:11,0
LF:2
LH:0
end_of_record
SF:lib/presentation/core/widgets/bottom_navbar/bottom_navbar_element.dart
DA:6,1
DA:10,0
DA:15,0
DA:17,0
DA:18,0
DA:19,0
DA:20,0
DA:27,0
DA:29,0
DA:31,0
DA:32,0
DA:33,0
LF:12
LH:1
end_of_record
SF:lib/presentation/core/widgets/bottom_navbar/extended_search_element.dart
DA:8,1
DA:10,0
DA:12,0
DA:13,0
DA:14,0
DA:17,0
DA:18,0
LF:7
LH:1
end_of_record
SF:lib/presentation/core/widgets/bottom_navbar/search_element.dart
DA:7,1
DA:9,0
DA:11,0
DA:12,0
LF:4
LH:1
end_of_record
SF:lib/presentation/pages/home_page/home_page.dart
DA:8,1
DA:10,0
DA:12,0
DA:13,0
LF:4
LH:1
end_of_record
SF:lib/presentation/pages/profile_page/profile_page.dart
DA:8,1
DA:10,0
DA:12,0
DA:13,0
LF:4
LH:1
end_of_record
SF:lib/presentation/pages/search_page/search_page.dart
DA:8,1
DA:10,0
DA:12,0
DA:13,0
LF:4
LH:1
end_of_record
SF:lib/presentation/pages/search_results_page/search_results_page.dart
DA:8,1
DA:10,0
DA:12,0
DA:13,0
LF:4
LH:1
end_of_record
SF:lib/presentation/pages/splash_page/splash_page.dart
DA:6,1
DA:8,0
LF:2
LH:1
end_of_record
SF:lib/presentation/pages/home_page/home_page_view.dart
DA:7,1
DA:9,0
LF:2
LH:1
end_of_record
SF:lib/presentation/pages/home_page/widgets/map_location/map_location.dart
DA:7,1
DA:9,0
DA:11,0
DA:12,0
DA:13,0
DA:14,0
LF:6
LH:1
end_of_record
SF:lib/presentation/pages/profile_page/profile_page_view.dart
DA:11,1
DA:13,0
DA:15,0
DA:16,0
DA:17,0
DA:18,0
DA:23,0
DA:24,0
DA:26,0
DA:27,0
DA:28,0
DA:29,0
DA:30,0
DA:32,0
DA:33,0
DA:34,0
DA:36,0
DA:37,0
DA:38,0
DA:40,0
DA:41,0
DA:42,0
LF:22
LH:1
end_of_record
SF:lib/presentation/pages/profile_page/widgets/greeting.dart
DA:6,1
DA:8,0
DA:10,0
DA:11,0
DA:12,0
DA:13,0
DA:15,0
DA:17,0
DA:18,0
DA:19,0
DA:28,0
DA:29,0
DA:30,0
DA:32,0
LF:14
LH:1
end_of_record
SF:lib/presentation/pages/profile_page/widgets/settings_element/settings_element_log_in.dart
DA:7,0
DA:10,0
DA:14,0
DA:16,0
DA:19,0
DA:21,0
DA:22,0
LF:7
LH:0
end_of_record
SF:lib/presentation/pages/profile_page/widgets/settings_element/settings_element.dart
DA:7,0
DA:11,0
DA:16,0
DA:18,0
DA:21,0
DA:23,0
DA:25,0
DA:26,0
LF:8
LH:0
end_of_record
SF:lib/presentation/pages/profile_page/widgets/settings_element/settings_element_core.dart
DA:8,0
DA:12,0
DA:17,0
DA:19,0
DA:20,0
DA:22,0
DA:23,0
DA:24,0
DA:25,0
DA:26,0
DA:27,0
DA:29,0
DA:31,0
DA:33,0
DA:34,0
DA:35,0
DA:36,0
DA:37,0
DA:38,0
DA:43,0
DA:44,0
DA:46,0
DA:47,0
DA:48,0
DA:50,0
DA:62,0
DA:64,0
DA:66,0
DA:67,0
LF:29
LH:0
end_of_record
SF:lib/presentation/pages/search_page/search_page_view.dart
DA:8,1
DA:10,0
DA:12,0
DA:13,0
DA:14,0
DA:15,0
DA:21,0
DA:22,0
DA:23,0
DA:24,0
DA:25,0
LF:11
LH:1
end_of_record
SF:lib/presentation/pages/search_results_page/search_results_page_view.dart
DA:7,1
DA:9,0
LF:2
LH:1
end_of_record
SF:lib/presentation/pages/splash_page/splash_page_view.dart
DA:8,1
DA:10,0
DA:12,0
DA:13,0
DA:15,0
DA:16,0
DA:17,0
DA:18,0
DA:20,0
DA:22,0
LF:10
LH:1
end_of_record
